<?xml version="1.0" encoding="UTF-8"?>
<!-- Generated by org.testng.reporters.JUnitReportReporter -->
<testsuite hostname="ITEM-S109650" failures="0" tests="6" name="crossBrowserTests.CBT_Tests" time="94.793" errors="0" timestamp="2022-04-03T21:27:12 IST" skipped="0">
  <testcase classname="crossBrowserTests.CBT_Tests" name="test1" time="14.197"/>
  <system-out/>
  <testcase classname="crossBrowserTests.CBT_Tests" name="test1" time="14.443"/>
  <system-out/>
  <testcase classname="crossBrowserTests.CBT_Tests" name="test2" time="12.862"/>
  <system-out/>
  <testcase classname="crossBrowserTests.CBT_Tests" name="test2" time="15.187"/>
  <system-out/>
  <testcase classname="crossBrowserTests.CBT_Tests" name="test3" time="18.424"/>
  <system-out/>
  <testcase classname="crossBrowserTests.CBT_Tests" name="test3" time="19.680"/>
  <system-out/>
</testsuite> <!-- crossBrowserTests.CBT_Tests -->
