<?xml version="1.0" encoding="UTF-8"?>
<!-- Generated by org.testng.reporters.JUnitReportReporter -->
<testsuite hostname="ITEM-S109650" failures="0" tests="1" name="debugginsTestCases.FailedTests" time="12.906" errors="0" timestamp="2022-04-03T22:51:42 IST" skipped="0">
  <testcase classname="debugginsTestCases.FailedTests" name="failedTestCase" time="12.906"/>
  <system-out/>
</testsuite> <!-- debugginsTestCases.FailedTests -->
