<?xml version="1.0" encoding="UTF-8"?>
<!-- Generated by org.testng.reporters.JUnitReportReporter -->
<testsuite hostname="ITEM-S109650" failures="0" tests="1" name="testCases.TestCase1_ReadFromConfig" time="20.119" errors="0" timestamp="2022-04-02T23:22:07 IST" skipped="0">
  <testcase classname="testCases.TestCase1_ReadFromConfig" name="testCase_1" time="20.119"/>
  <system-out/>
</testsuite> <!-- testCases.TestCase1_ReadFromConfig -->
